<?xml version="1.0" encoding="UTF-8"?>
<testsuite name="modelo.AgileTaskTest" tests="6" skipped="0" failures="0" errors="0" timestamp="2020-10-23T02:14:04" hostname="DESKTOP-R2KANGL" time="0.086">
  <properties/>
  <testcase name="unaAgileTaskInicialmenteNoTieneNotas()" classname="modelo.AgileTaskTest" time="0.025"/>
  <testcase name="noSePuedeBorrarUnaNotaEnUnaAgileTaskVacia()" classname="modelo.AgileTaskTest" time="0.004"/>
  <testcase name="sePuedeBorrarUnaNotaEnUnAgileTask()" classname="modelo.AgileTaskTest" time="0.002"/>
  <testcase name="sePuedeAgregarUnaNotaAUnAgileTask()" classname="modelo.AgileTaskTest" time="0.016"/>
  <testcase name="sePuedeBuscarUnaNotaPorTitulo()" classname="modelo.AgileTaskTest" time="0.023"/>
  <testcase name="noSePuedePedirUnaNotaAUnaAgileTaskVacia()" classname="modelo.AgileTaskTest" time="0.003"/>
  <system-out><![CDATA[]]></system-out>
  <system-err><![CDATA[]]></system-err>
</testsuite>
